<?xml version="1.0" encoding="UTF-8"?>
<testsuite xmlns:xsi="http://www.w3.org/2001/XMLSchema-instance" xsi:noNamespaceSchemaLocation="https://maven.apache.org/surefire/maven-surefire-plugin/xsd/surefire-test-report.xsd" name="org.hj.boot.TestMP" time="3.261" tests="5" errors="0" skipped="0" failures="0">
  <properties>
[...]
</properties>
  <testcase name="delete" classname="org.hj.boot.TestMP" time="0.586"/>
  <testcase name="addUser" classname="org.hj.boot.TestMP" time="0.011"/>
  <testcase name="findAll" classname="org.hj.boot.TestMP" time="0.032"/>
  <testcase name="testSelectBatch" classname="org.hj.boot.TestMP" time="0.005"/>
  <testcase name="testDeleteId" classname="org.hj.boot.TestMP" time="0.007"/>
</testsuite>